pipewire
pipewire-alsa
pipewire-audio
pipewire-jack
pipewire-pulse
gst-plugin-pipewire
wireplumber
networkmanager
network-manager-applet
bluez
bluez-utils
blueman
sddm-git
qt5-wayland
qt6-wayland
qt5-quickcontrols
qt5-quickcontrols2
qt5-graphicaleffects
hyprland-git
dunst
rofi-lbonn-wayland-git
waybar-hyprland-git
swww
swaylock-effects-git
wlogout
hyprshot
slurp
swappy
cliphist
polkit-kde-agent
xdg-desktop-portal-hyprland
imagemagick
qt5-imageformats
pavucontrol
pamixer
nwg-look
kvantum
qt5ct
brave
kitty
neofetch
dolphin
vim
neovim
ark
zsh
exa
oh-my-zsh-git
zsh-syntax-highlighting-git
zsh-autosuggestions-git
pokemon-colorscripts-git
